<?xml version="1.0" encoding="UTF-8"?>
<!-- Generated by org.testng.reporters.JUnitReportReporter -->
<testsuite skipped="0" hostname="MENDES" name="testcasesyoutube.TestingHome" tests="6" failures="0" timestamp="15 Jan 2018 23:19:28 GMT" time="174.084" errors="0">
  <testcase name="youtubemovies" time="29.309" classname="testcasesyoutube.TestingHome"/>
  <testcase name="settings" time="26.996" classname="testcasesyoutube.TestingHome"/>
  <testcase name="red" time="28.565" classname="testcasesyoutube.TestingHome"/>
  <testcase name="testHistory" time="31.019" classname="testcasesyoutube.TestingHome"/>
  <testcase name="subscription" time="28.186" classname="testcasesyoutube.TestingHome"/>
  <testcase name="testTrendingpg" time="30.009" classname="testcasesyoutube.TestingHome"/>
</testsuite> <!-- testcasesyoutube.TestingHome -->
