<?xml version="1.0" encoding="UTF-8"?>
<!-- Generated by org.testng.reporters.JUnitReportReporter -->
<testsuite skipped="0" hostname="MENDES" name="testcasesyoutube.Testvalidsignin" tests="1" failures="0" timestamp="10 Jan 2018 18:01:40 GMT" time="16.852" errors="0">
  <testcase name="login" time="16.852" classname="testcasesyoutube.Testvalidsignin"/>
</testsuite> <!-- testcasesyoutube.Testvalidsignin -->
