<?xml version="1.0" encoding="UTF-8"?>
<!-- Generated by org.testng.reporters.JUnitReportReporter -->
<testsuite skipped="0" hostname="MENDES" name="testcasesyoutube.TestYoutubeSettings" tests="1" failures="0" timestamp="15 Jan 2018 23:19:28 GMT" time="33.142" errors="0">
  <testcase name="testsettings" time="33.142" classname="testcasesyoutube.TestYoutubeSettings"/>
</testsuite> <!-- testcasesyoutube.TestYoutubeSettings -->
