<?xml version="1.0" encoding="UTF-8"?>
<!-- Generated by org.testng.reporters.JUnitReportReporter -->
<testsuite skipped="0" hostname="MENDES" name="testcasesyoutube.TestYoutubeSettings" tests="1" failures="0" timestamp="11 Jan 2018 18:57:04 GMT" time="39.901" errors="0">
  <testcase name="testsettings" time="39.901" classname="testcasesyoutube.TestYoutubeSettings"/>
</testsuite> <!-- testcasesyoutube.TestYoutubeSettings -->
