<?xml version="1.0" encoding="UTF-8"?>
<!-- Generated by org.testng.reporters.JUnitReportReporter -->
<testsuite skipped="0" hostname="MENDES" name="testcasesyoutube.TestYoutubeHelp" tests="1" failures="0" timestamp="15 Jan 2018 23:19:28 GMT" time="29.413" errors="0">
  <testcase name="helpbutton" time="29.413" classname="testcasesyoutube.TestYoutubeHelp"/>
</testsuite> <!-- testcasesyoutube.TestYoutubeHelp -->
