<?xml version="1.0" encoding="UTF-8"?>
<!-- Generated by org.testng.reporters.JUnitReportReporter -->
<testsuite skipped="0" hostname="MENDES" name="testcasesyoutube.TestSearch" tests="2" failures="0" timestamp="15 Jan 2018 23:19:28 GMT" time="41.406" errors="0">
  <testcase name="tstsearch" time="20.799" classname="testcasesyoutube.TestSearch"/>
  <testcase name="testSearch" time="20.607" classname="testcasesyoutube.TestSearch"/>
</testsuite> <!-- testcasesyoutube.TestSearch -->
